<?xml version="1.0" encoding="UTF-8"?>
<!-- Generated by org.testng.reporters.JUnitReportReporter -->
<testsuite hostname="DESKTOP-FD05JAM" failures="0" tests="4" name="testCases.Test_Case_05" time="97.124" errors="0" timestamp="2025-08-27T00:09:54 IST" skipped="0">
  <testcase classname="testCases.Test_Case_05" name="logoutVerify" time="18.129"/>
  <testcase classname="testCases.Test_Case_05" name="logoutVerify" time="17.752"/>
  <testcase classname="testCases.Test_Case_05" name="logoutVerify" time="30.624"/>
  <testcase classname="testCases.Test_Case_05" name="logoutVerify" time="30.619"/>
</testsuite> <!-- testCases.Test_Case_05 -->
