<?xml version="1.0" encoding="UTF-8"?>
<!-- Generated by org.testng.reporters.JUnitReportReporter -->
<testsuite hostname="DESKTOP-FD05JAM" failures="0" tests="6" name="testCases.TC_002_Login_TDD" time="49.320" errors="0" timestamp="2025-08-20T15:36:57 IST" skipped="0">
  <testcase classname="testCases.TC_002_Login_TDD" name="login_verify_TDD" time="4.039"/>
  <testcase classname="testCases.TC_002_Login_TDD" name="login_verify_TDD" time="3.608"/>
  <testcase classname="testCases.TC_002_Login_TDD" name="login_verify_TDD" time="10.476"/>
  <testcase classname="testCases.TC_002_Login_TDD" name="login_verify_TDD" time="10.165"/>
  <testcase classname="testCases.TC_002_Login_TDD" name="login_verify_TDD" time="10.850"/>
  <testcase classname="testCases.TC_002_Login_TDD" name="login_verify_TDD" time="10.182"/>
</testsuite> <!-- testCases.TC_002_Login_TDD -->
