<?xml version="1.0" encoding="UTF-8"?>
<!-- Generated by org.testng.reporters.JUnitReportReporter -->
<testsuite hostname="DESKTOP-FD05JAM" failures="0" tests="1" name="testCases.TC_04_Admin_Page_User_Creation" time="7.695" errors="0" timestamp="2025-08-20T12:13:19 IST" skipped="0">
  <testcase classname="testCases.TC_04_Admin_Page_User_Creation" name="adminverify" time="7.695"/>
</testsuite> <!-- testCases.TC_04_Admin_Page_User_Creation -->
