<?xml version="1.0" encoding="UTF-8"?>
<!-- Generated by org.testng.reporters.JUnitReportReporter -->
<testsuite hostname="DESKTOP-FD05JAM" failures="0" tests="1" name="testCases.TC_001_LoginPage" time="6.091" errors="0" timestamp="2025-08-14T16:43:54 IST" skipped="0">
  <testcase classname="testCases.TC_001_LoginPage" name="login_verify" time="6.091"/>
</testsuite> <!-- testCases.TC_001_LoginPage -->
