<?xml version="1.0" encoding="UTF-8"?>
<!-- Generated by org.testng.reporters.JUnitReportReporter -->
<testsuite hostname="DESKTOP-FD05JAM" failures="0" tests="1" name="testCases.TC_003_AboutPage" time="7.815" errors="0" timestamp="2025-08-08T14:05:33 IST" skipped="0">
  <testcase classname="testCases.TC_003_AboutPage" name="about_page_validate" time="7.815"/>
</testsuite> <!-- testCases.TC_003_AboutPage -->
