<?xml version="1.0" encoding="UTF-8"?>
<!-- Generated by org.testng.reporters.JUnitReportReporter -->
<testsuite hostname="DESKTOP-FD05JAM" failures="0" tests="1" name="testCases.Test_Case_05" time="0.525" errors="0" timestamp="2025-08-20T13:51:40 IST" skipped="0">
  <testcase classname="testCases.Test_Case_05" name="logoutVerify" time="0.525"/>
</testsuite> <!-- testCases.Test_Case_05 -->
